\BOOKMARK [0][-]{chapter.1}{Introduction}{}% 1
\BOOKMARK [1][-]{section.1.1}{Physical Hosts}{chapter.1}% 2
\BOOKMARK [1][-]{section.1.2}{oVirt}{chapter.1}% 3
\BOOKMARK [2][-]{subsection.1.2.1}{oVirt Engine Install}{section.1.2}% 4
\BOOKMARK [2][-]{subsection.1.2.2}{PXE}{section.1.2}% 5
\BOOKMARK [2][-]{subsection.1.2.3}{DHCP}{section.1.2}% 6
\BOOKMARK [2][-]{subsection.1.2.4}{oVirt Node Install}{section.1.2}% 7
\BOOKMARK [0][-]{chapter.2}{All-In-One install with Neutron using VLANs}{}% 8
\BOOKMARK [1][-]{section.2.1}{Physical Networking}{chapter.2}% 9
\BOOKMARK [1][-]{section.2.2}{Installation}{chapter.2}% 10
\BOOKMARK [2][-]{subsection.2.2.1}{Packstack}{section.2.2}% 11
\BOOKMARK [1][-]{section.2.3}{Neutron Networking}{chapter.2}% 12
\BOOKMARK [2][-]{subsection.2.3.1}{External}{section.2.3}% 13
\BOOKMARK [2][-]{subsection.2.3.2}{Tenant}{section.2.3}% 14
\BOOKMARK [2][-]{subsection.2.3.3}{Troubleshooting}{section.2.3}% 15
\BOOKMARK [0][-]{chapter.3}{Multinode install using Neutron with GRE}{}% 16
\BOOKMARK [1][-]{section.3.1}{Physical Networking}{chapter.3}% 17
\BOOKMARK [1][-]{section.3.2}{Installation}{chapter.3}% 18
\BOOKMARK [2][-]{subsection.3.2.1}{DNS}{section.3.2}% 19
\BOOKMARK [2][-]{subsection.3.2.2}{Virtual Machine Deployment}{section.3.2}% 20
\BOOKMARK [2][-]{subsection.3.2.3}{SSH Keys}{section.3.2}% 21
\BOOKMARK [2][-]{subsection.3.2.4}{Packstack}{section.3.2}% 22
\BOOKMARK [1][-]{section.3.3}{Neutron Networking}{chapter.3}% 23
\BOOKMARK [2][-]{subsection.3.3.1}{External}{section.3.3}% 24
\BOOKMARK [2][-]{subsection.3.3.2}{Tenant}{section.3.3}% 25
\BOOKMARK [2][-]{subsection.3.3.3}{Troubleshooting}{section.3.3}% 26
\BOOKMARK [0][-]{chapter.4}{Instances}{}% 27
\BOOKMARK [1][-]{section.4.1}{Security Group Configuration}{chapter.4}% 28
\BOOKMARK [1][-]{section.4.2}{Create Images}{chapter.4}% 29
\BOOKMARK [2][-]{subsection.4.2.1}{Ubuntu LTS 12.04}{section.4.2}% 30
\BOOKMARK [2][-]{subsection.4.2.2}{Windows 2012 R2}{section.4.2}% 31
\BOOKMARK [1][-]{section.4.3}{Create Instance}{chapter.4}% 32
\BOOKMARK [0][-]{appendix.A}{Notes}{}% 33
\BOOKMARK [1][-]{section.A.1}{Neutron}{appendix.A}% 34
\BOOKMARK [1][-]{section.A.2}{Horizon}{appendix.A}% 35
\BOOKMARK [1][-]{section.A.3}{Cinder}{appendix.A}% 36
\BOOKMARK [1][-]{section.A.4}{Nova}{appendix.A}% 37
\BOOKMARK [0][-]{appendix.B}{Links}{}% 38
